
> app@0.1.0 test:contracts
> vitest run -c vitest.critical.config.ts ./tests/contracts/api-contract.test.ts ./tests/contracts/core-route-contracts.test.ts


 RUN  v4.0.18 /Users/giljrjavelosa/omniscribeai_3/app

stderr | tests/contracts/api-contract.test.ts > API contract envelope > unauthorized returns success:false with code and requestId
{"ts":"2026-03-03T06:47:39.567Z","level":"error","message":"Route failure","meta":{"requestId":"8f624456-6148-4646-a9e5-13252cc979c3","code":"UNAUTHORIZED","status":401}}

stderr | tests/contracts/api-contract.test.ts > API contract envelope > forced parse error never returns success:true
{"ts":"2026-03-03T06:47:39.587Z","level":"error","component":"RegenNote","message":"Failed to parse/validate regenerated note","error":"Expected property name or '}' in JSON at position 1 (line 1 column 2)","rawLength":9}

stderr | tests/contracts/api-contract.test.ts > API contract envelope > no-swallow: thrown stage returns success:false
{"ts":"2026-03-03T06:47:39.590Z","level":"error","component":"BillingEntitlementsRoute","message":"Failed to fetch entitlements snapshot","error":"db down"}

 ✓ tests/contracts/api-contract.test.ts (4 tests) 31ms
stderr | tests/contracts/core-route-contracts.test.ts > core route contracts > templates unauthorized uses strict error envelope
{"ts":"2026-03-03T06:47:40.298Z","level":"error","message":"Route failure","meta":{"requestId":"b318790d-562a-452b-9f9a-c3b43beb0061","code":"UNAUTHORIZED","status":401}}

 ✓ tests/contracts/core-route-contracts.test.ts (4 tests) 17ms

 Test Files  2 passed (2)
      Tests  8 passed (8)
   Start at  22:47:38
   Duration  1.44s (transform 431ms, setup 0ms, import 984ms, tests 49ms, environment 0ms)


 RUN  v4.0.18 /Users/giljrjavelosa/omniscribeai_3/app

stderr | tests/contracts/core-route-contracts.test.ts > core route contracts > templates unauthorized uses strict error envelope
{"ts":"2026-03-03T06:47:43.306Z","level":"error","message":"Route failure","meta":{"requestId":"e13b162b-2792-4b67-85a9-3f4e93298a51","code":"UNAUTHORIZED","status":401}}

 ✓ tests/contracts/core-route-contracts.test.ts (4 tests) 59ms

 Test Files  1 passed (1)
      Tests  4 passed (4)
   Start at  22:47:42
   Duration  1.34s (transform 450ms, setup 0ms, import 940ms, tests 59ms, environment 0ms)

